This is TeX, Version 3.14159 (Web2C 7.3.1) (format=latex 2003.2.18)  12 FEB 2005 01:11
**\makeatletter\def\HCode{\futurelet\HCode\HChar}\def\HChar{\ifx"\HCode\def\HCo
de"##1"{\Link##1}\expandafter\HCode\else\expandafter\Link\fi}\def\Link#1.a.b.c.
{\g@addto@macro\@documentclasshook{\RequirePackage[#1,xhtml,docbook]{tex4ht}}\l
et\HCode\documentstyle\def\documentstyle{\let\documentstyle\HCode\expandafter\d
ef\csname tex4ht\endcsname{#1,xhtml,docbook}\def\HCode####1{\documentstyle[tex4
ht,}\@ifnextchar[{\HCode}{\documentstyle[tex4ht]}}}\makeatother\HCode .a.b.c.\i
nput

*
(/usr/share/texmf/tex/latex/tools/.tex File ignored)
(Please type a command or say `\end')
*x

! LaTeX Error: Missing \begin{document}.

See the LaTeX manual or LaTeX Companion for explanation.
Type  H <return>  for immediate help.
 ...                                              
                                                  
<*> x
     
? q
OK, entering \batchmode...
Missing character: There is no x in font nullfont!
! Emergency stop.
<*> x
     
*** (job aborted, no legal \end found)

 
Here is how much of TeX's memory you used:
 6 strings out of 20880
 94 string characters out of 196184
 44237 words of memory out of 350001
 3038 multiletter control sequences out of 10000+15000
 3640 words of font info for 14 fonts, out of 400000 for 1000
 14 hyphenation exceptions out of 10000
 4i,0n,4p,80b,14s stack positions out of 3000i,100n,1500p,50000b,4000s
No pages of output.
